CampusConnects/app/build/intermediates/manifest_merge_blame_file/debug/manifest-merger-blame-debug-report.txt
1<?xml version="1.0" encoding="utf-8"?>
2<manifest xmlns:android="http://schemas.android.com/apk/res/android"
3    package="com.example.campusconnects"
4    android:versionCode="1"
5    android:versionName="1.0" >
6
7    <uses-sdk
8        android:minSdkVersion="22"
8-->src\main\AndroidManifest.xml
9        android:targetSdkVersion="30" />
9-->src\main\AndroidManifest.xml
10
11    <uses-permission android:name="android.permission.INTERNET" />
11-->src\main\AndroidManifest.xml:5:5-67
11-->src\main\AndroidManifest.xml:5:22-64
12
13    <application
13-->src\main\AndroidManifest.xml:7:5-55:19
14        android:allowBackup="true"
14-->src\main\AndroidManifest.xml:8:9-35
15        android:appComponentFactory="androidx.core.app.CoreComponentFactory"
15-->[androidx.core:core:1.3.1] AndroidManifest.xml:24:18-86
16        android:debuggable="true"
17        android:icon="@mipmap/ic_launcher"
17-->src\main\AndroidManifest.xml:9:9-43
18        android:label="@string/app_name"
18-->src\main\AndroidManifest.xml:10:9-41
19        android:roundIcon="@mipmap/ic_launcher_round"
19-->src\main\AndroidManifest.xml:11:9-54
20        android:supportsRtl="true"
20-->src\main\AndroidManifest.xml:12:9-35
21        android:testOnly="true"
22        android:theme="@style/Theme.CampusConnect" >
22-->src\main\AndroidManifest.xml:13:9-51
23        <activity
23-->src\main\AndroidManifest.xml:14:9-18:15
24            android:name="com.example.campusconnect.EditUser"
24-->src\main\AndroidManifest.xml:15:13-37
25            android:label="New Username"
25-->src\main\AndroidManifest.xml:16:13-41
26            android:theme="@android:style/Theme.Material.Light.Dialog" />
26-->src\main\AndroidManifest.xml:17:13-71
27        <activity
27-->src\main\AndroidManifest.xml:19:9-22:74
28            android:name="com.example.campusconnect.Adannounce"
28-->src\main\AndroidManifest.xml:20:13-39
29            android:label="Announce"
29-->src\main\AndroidManifest.xml:21:13-37
30            android:theme="@android:style/Theme.Material.Light.Dialog" />
30-->src\main\AndroidManifest.xml:22:13-71
31        <activity
31-->src\main\AndroidManifest.xml:23:9-26:74
32            android:name="com.example.campusconnect.UploadMaterial"
32-->src\main\AndroidManifest.xml:24:13-43
33            android:label="Upload"
33-->src\main\AndroidManifest.xml:25:13-35
34            android:theme="@android:style/Theme.Material.Light.Dialog" />
34-->src\main\AndroidManifest.xml:26:13-71
35        <activity
35-->src\main\AndroidManifest.xml:27:9-30:74
36            android:name="com.example.campusconnect.StudentsendMessage"
36-->src\main\AndroidManifest.xml:28:13-47
37            android:label="Type Message"
37-->src\main\AndroidManifest.xml:29:13-41
38            android:theme="@android:style/Theme.Material.Light.Dialog" />
38-->src\main\AndroidManifest.xml:30:13-71
39        <activity android:name="com.example.campusconnect.FacultyDashboard" />
39-->src\main\AndroidManifest.xml:31:9-54
39-->src\main\AndroidManifest.xml:31:19-51
40        <activity android:name="com.example.campusconnect.StudentDashBoard" />
40-->src\main\AndroidManifest.xml:32:9-54
40-->src\main\AndroidManifest.xml:32:19-51
41        <activity
41-->src\main\AndroidManifest.xml:33:9-36:70
42            android:name="com.example.campusconnect.UserCourseReg"
42-->src\main\AndroidManifest.xml:34:13-42
43            android:label="Register Course"
43-->src\main\AndroidManifest.xml:35:13-44
44            android:theme="@android:style/Theme.Holo.Light.Dialog" />
44-->src\main\AndroidManifest.xml:36:13-67
45        <activity
45-->src\main\AndroidManifest.xml:37:9-40:59
46            android:name="com.example.campusconnect.addNewCourse"
46-->src\main\AndroidManifest.xml:38:13-41
47            android:label="Add New Course"
47-->src\main\AndroidManifest.xml:39:13-43
48            android:theme="@android:style/Theme.Dialog" />
48-->src\main\AndroidManifest.xml:40:13-56
49        <activity android:name="com.example.campusconnect.AdminDashboard" />
49-->src\main\AndroidManifest.xml:41:9-52
49-->src\main\AndroidManifest.xml:41:19-49
50        <activity
50-->src\main\AndroidManifest.xml:42:9-45:59
51            android:name="com.example.campusconnect.AdminLogin"
51-->src\main\AndroidManifest.xml:43:13-39
52            android:label="Admin Login"
52-->src\main\AndroidManifest.xml:44:13-40
53            android:theme="@android:style/Theme.Dialog" />
53-->src\main\AndroidManifest.xml:45:13-56
54        <activity android:name="com.example.campusconnect.CourseDashboard" />
54-->src\main\AndroidManifest.xml:46:9-53
54-->src\main\AndroidManifest.xml:46:19-50
55        <activity android:name="com.example.campusconnect.Signin" />
55-->src\main\AndroidManifest.xml:47:9-44
55-->src\main\AndroidManifest.xml:47:19-41
56        <activity android:name="com.example.campusconnect.MainActivity" >
56-->src\main\AndroidManifest.xml:48:9-54:20
56-->src\main\AndroidManifest.xml:48:19-47
57            <intent-filter>
57-->src\main\AndroidManifest.xml:49:13-53:29
58                <action android:name="android.intent.action.MAIN" />
58-->src\main\AndroidManifest.xml:50:17-69
58-->src\main\AndroidManifest.xml:50:25-66
59
60                <category android:name="android.intent.category.LAUNCHER" />
60-->src\main\AndroidManifest.xml:52:17-77
60-->src\main\AndroidManifest.xml:52:27-74
61            </intent-filter>
62        </activity>
63    </application>
64
65</manifest>